2016-12-12 16:48:38.928 [JavaFX Application Thread] DEBUG org.jboss.logging - Logging Provider: org.jboss.logging.Log4j2LoggerProvider
2016-12-12 16:48:38.967 [JavaFX Application Thread] DEBUG org.hibernate.boot.registry.classloading.internal.ClassLoaderServiceImpl - Incoming config yielded no classloaders; adding standard SE ones
2016-12-12 16:48:39.102 [JavaFX Application Thread] DEBUG org.hibernate.jpa.HibernatePersistenceProvider - Located and parsed 1 persistence units; checking each
2016-12-12 16:48:39.103 [JavaFX Application Thread] DEBUG org.hibernate.jpa.HibernatePersistenceProvider - Checking persistence-unit [name=pcb_PU, explicit-provider=org.hibernate.jpa.HibernatePersistenceProvider] against incoming persistence unit name [pcb_PU]
2016-12-12 16:48:39.105 [JavaFX Application Thread] DEBUG org.hibernate.jpa.boot.spi.ProviderChecker - Persistence-unit [pcb_PU] requested PersistenceProvider [org.hibernate.jpa.HibernatePersistenceProvider]
2016-12-12 16:48:39.116 [JavaFX Application Thread] DEBUG org.hibernate.jpa.internal.util.LogHelper - PersistenceUnitInfo [
	name: pcb_PU
	persistence provider classname: org.hibernate.jpa.HibernatePersistenceProvider
	classloader: null
	excludeUnlistedClasses: false
	JTA datasource: null
	Non JTA datasource: null
	Transaction type: RESOURCE_LOCAL
	PU root URL: file:/C:/Users/adriang/Documents/NetBeansProjects/PreciosContratosBascula/target/classes/
	Shared Cache Mode: null
	Validation Mode: null
	Jar files URLs []
	Managed classes names [
		com.chortitzer.pcbjfx.domain.TblBasPrecios
		com.chortitzer.pcbjfx.domain.TblBasContratos
		com.chortitzer.pcbjfx.domain.Tblempresa
		com.chortitzer.pcbjfx.domain.Tblproductos]
	Mapping files names []
	Properties [
		javax.persistence.jdbc.driver: org.postgresql.Driver
		javax.persistence.jdbc.password: 123456
		javax.persistence.jdbc.url: jdbc:postgresql://192.168.3.122:5432/industria
		javax.persistence.jdbc.user: postgres]
2016-12-12 16:48:39.129 [JavaFX Application Thread] DEBUG org.hibernate.integrator.internal.IntegratorServiceImpl - Adding Integrator [org.hibernate.cfg.beanvalidation.BeanValidationIntegrator].
2016-12-12 16:48:39.133 [JavaFX Application Thread] DEBUG org.hibernate.integrator.internal.IntegratorServiceImpl - Adding Integrator [org.hibernate.secure.spi.JaccIntegrator].
2016-12-12 16:48:39.143 [JavaFX Application Thread] DEBUG org.hibernate.integrator.internal.IntegratorServiceImpl - Adding Integrator [org.hibernate.cache.internal.CollectionCacheInvalidator].
2016-12-12 16:48:39.144 [JavaFX Application Thread] DEBUG org.hibernate.integrator.internal.IntegratorServiceImpl - Adding Integrator [org.hibernate.jpa.event.spi.JpaIntegrator].
2016-12-12 16:48:39.270 [JavaFX Application Thread] INFO  org.hibernate.Version - HHH000412: Hibernate Core {5.2.3.Final}
2016-12-12 16:48:39.273 [JavaFX Application Thread] INFO  org.hibernate.cfg.Environment - HHH000206: hibernate.properties not found
2016-12-12 16:48:39.276 [JavaFX Application Thread] INFO  org.hibernate.cfg.Environment - HHH000021: Bytecode provider name : javassist
2016-12-12 16:48:39.296 [JavaFX Application Thread] DEBUG org.hibernate.service.spi.ServiceBinding - Overriding existing service binding [org.hibernate.secure.spi.JaccService]
2016-12-12 16:48:39.354 [JavaFX Application Thread] DEBUG org.hibernate.cache.internal.RegionFactoryInitiator - Cache region factory : org.hibernate.cache.internal.NoCachingRegionFactory
2016-12-12 16:48:39.370 [JavaFX Application Thread] INFO  org.hibernate.annotations.common.Version - HCANN000001: Hibernate Commons Annotations {5.0.1.Final}
2016-12-12 16:48:39.808 [JavaFX Application Thread] DEBUG org.hibernate.type.BasicTypeRegistry - Adding type registration boolean -> org.hibernate.type.BooleanType@7fa27951
2016-12-12 16:48:39.808 [JavaFX Application Thread] DEBUG org.hibernate.type.BasicTypeRegistry - Adding type registration boolean -> org.hibernate.type.BooleanType@7fa27951
2016-12-12 16:48:39.808 [JavaFX Application Thread] DEBUG org.hibernate.type.BasicTypeRegistry - Adding type registration java.lang.Boolean -> org.hibernate.type.BooleanType@7fa27951
2016-12-12 16:48:39.810 [JavaFX Application Thread] DEBUG org.hibernate.type.BasicTypeRegistry - Adding type registration numeric_boolean -> org.hibernate.type.NumericBooleanType@f367942
2016-12-12 16:48:39.812 [JavaFX Application Thread] DEBUG org.hibernate.type.BasicTypeRegistry - Adding type registration true_false -> org.hibernate.type.TrueFalseType@73ed5261
2016-12-12 16:48:39.813 [JavaFX Application Thread] DEBUG org.hibernate.type.BasicTypeRegistry - Adding type registration yes_no -> org.hibernate.type.YesNoType@4248267b
2016-12-12 16:48:39.815 [JavaFX Application Thread] DEBUG org.hibernate.type.BasicTypeRegistry - Adding type registration byte -> org.hibernate.type.ByteType@21e0f8e
2016-12-12 16:48:39.815 [JavaFX Application Thread] DEBUG org.hibernate.type.BasicTypeRegistry - Adding type registration byte -> org.hibernate.type.ByteType@21e0f8e
2016-12-12 16:48:39.815 [JavaFX Application Thread] DEBUG org.hibernate.type.BasicTypeRegistry - Adding type registration java.lang.Byte -> org.hibernate.type.ByteType@21e0f8e
2016-12-12 16:48:39.818 [JavaFX Application Thread] DEBUG org.hibernate.type.BasicTypeRegistry - Adding type registration character -> org.hibernate.type.CharacterType@62f855f3
2016-12-12 16:48:39.819 [JavaFX Application Thread] DEBUG org.hibernate.type.BasicTypeRegistry - Adding type registration char -> org.hibernate.type.CharacterType@62f855f3
2016-12-12 16:48:39.819 [JavaFX Application Thread] DEBUG org.hibernate.type.BasicTypeRegistry - Adding type registration java.lang.Character -> org.hibernate.type.CharacterType@62f855f3
2016-12-12 16:48:39.821 [JavaFX Application Thread] DEBUG org.hibernate.type.BasicTypeRegistry - Adding type registration short -> org.hibernate.type.ShortType@3d17a07c
2016-12-12 16:48:39.821 [JavaFX Application Thread] DEBUG org.hibernate.type.BasicTypeRegistry - Adding type registration short -> org.hibernate.type.ShortType@3d17a07c
2016-12-12 16:48:39.821 [JavaFX Application Thread] DEBUG org.hibernate.type.BasicTypeRegistry - Adding type registration java.lang.Short -> org.hibernate.type.ShortType@3d17a07c
2016-12-12 16:48:39.823 [JavaFX Application Thread] DEBUG org.hibernate.type.BasicTypeRegistry - Adding type registration integer -> org.hibernate.type.IntegerType@1048c4c1
2016-12-12 16:48:39.824 [JavaFX Application Thread] DEBUG org.hibernate.type.BasicTypeRegistry - Adding type registration int -> org.hibernate.type.IntegerType@1048c4c1
2016-12-12 16:48:39.824 [JavaFX Application Thread] DEBUG org.hibernate.type.BasicTypeRegistry - Adding type registration java.lang.Integer -> org.hibernate.type.IntegerType@1048c4c1
2016-12-12 16:48:39.828 [JavaFX Application Thread] DEBUG org.hibernate.type.BasicTypeRegistry - Adding type registration long -> org.hibernate.type.LongType@5046a9d6
2016-12-12 16:48:39.828 [JavaFX Application Thread] DEBUG org.hibernate.type.BasicTypeRegistry - Adding type registration long -> org.hibernate.type.LongType@5046a9d6
2016-12-12 16:48:39.828 [JavaFX Application Thread] DEBUG org.hibernate.type.BasicTypeRegistry - Adding type registration java.lang.Long -> org.hibernate.type.LongType@5046a9d6
2016-12-12 16:48:39.830 [JavaFX Application Thread] DEBUG org.hibernate.type.BasicTypeRegistry - Adding type registration float -> org.hibernate.type.FloatType@4e73a728
2016-12-12 16:48:39.831 [JavaFX Application Thread] DEBUG org.hibernate.type.BasicTypeRegistry - Adding type registration float -> org.hibernate.type.FloatType@4e73a728
2016-12-12 16:48:39.831 [JavaFX Application Thread] DEBUG org.hibernate.type.BasicTypeRegistry - Adding type registration java.lang.Float -> org.hibernate.type.FloatType@4e73a728
2016-12-12 16:48:39.832 [JavaFX Application Thread] DEBUG org.hibernate.type.BasicTypeRegistry - Adding type registration double -> org.hibernate.type.DoubleType@700b337f
2016-12-12 16:48:39.833 [JavaFX Application Thread] DEBUG org.hibernate.type.BasicTypeRegistry - Adding type registration double -> org.hibernate.type.DoubleType@700b337f
2016-12-12 16:48:39.833 [JavaFX Application Thread] DEBUG org.hibernate.type.BasicTypeRegistry - Adding type registration java.lang.Double -> org.hibernate.type.DoubleType@700b337f
2016-12-12 16:48:39.837 [JavaFX Application Thread] DEBUG org.hibernate.type.BasicTypeRegistry - Adding type registration big_decimal -> org.hibernate.type.BigDecimalType@6727b506
2016-12-12 16:48:39.837 [JavaFX Application Thread] DEBUG org.hibernate.type.BasicTypeRegistry - Adding type registration java.math.BigDecimal -> org.hibernate.type.BigDecimalType@6727b506
2016-12-12 16:48:39.840 [JavaFX Application Thread] DEBUG org.hibernate.type.BasicTypeRegistry - Adding type registration big_integer -> org.hibernate.type.BigIntegerType@778b3228
2016-12-12 16:48:39.841 [JavaFX Application Thread] DEBUG org.hibernate.type.BasicTypeRegistry - Adding type registration java.math.BigInteger -> org.hibernate.type.BigIntegerType@778b3228
2016-12-12 16:48:39.844 [JavaFX Application Thread] DEBUG org.hibernate.type.BasicTypeRegistry - Adding type registration string -> org.hibernate.type.StringType@1fded6ec
2016-12-12 16:48:39.844 [JavaFX Application Thread] DEBUG org.hibernate.type.BasicTypeRegistry - Adding type registration java.lang.String -> org.hibernate.type.StringType@1fded6ec
2016-12-12 16:48:39.849 [JavaFX Application Thread] DEBUG org.hibernate.type.BasicTypeRegistry - Adding type registration nstring -> org.hibernate.type.StringNVarcharType@20a24bbb
2016-12-12 16:48:39.851 [JavaFX Application Thread] DEBUG org.hibernate.type.BasicTypeRegistry - Adding type registration ncharacter -> org.hibernate.type.CharacterNCharType@5500b378
2016-12-12 16:48:39.854 [JavaFX Application Thread] DEBUG org.hibernate.type.BasicTypeRegistry - Adding type registration url -> org.hibernate.type.UrlType@3953bd3c
2016-12-12 16:48:39.854 [JavaFX Application Thread] DEBUG org.hibernate.type.BasicTypeRegistry - Adding type registration java.net.URL -> org.hibernate.type.UrlType@3953bd3c
2016-12-12 16:48:39.858 [JavaFX Application Thread] DEBUG org.hibernate.type.BasicTypeRegistry - Adding type registration Duration -> org.hibernate.type.DurationType@d92f461
2016-12-12 16:48:39.859 [JavaFX Application Thread] DEBUG org.hibernate.type.BasicTypeRegistry - Adding type registration java.time.Duration -> org.hibernate.type.DurationType@d92f461
2016-12-12 16:48:39.885 [JavaFX Application Thread] DEBUG org.hibernate.type.BasicTypeRegistry - Adding type registration Instant -> org.hibernate.type.InstantType@39a01b2a
2016-12-12 16:48:39.885 [JavaFX Application Thread] DEBUG org.hibernate.type.BasicTypeRegistry - Adding type registration java.time.Instant -> org.hibernate.type.InstantType@39a01b2a
2016-12-12 16:48:39.887 [JavaFX Application Thread] DEBUG org.hibernate.type.BasicTypeRegistry - Adding type registration LocalDateTime -> org.hibernate.type.LocalDateTimeType@6083cb28
2016-12-12 16:48:39.887 [JavaFX Application Thread] DEBUG org.hibernate.type.BasicTypeRegistry - Adding type registration java.time.LocalDateTime -> org.hibernate.type.LocalDateTimeType@6083cb28
2016-12-12 16:48:39.890 [JavaFX Application Thread] DEBUG org.hibernate.type.BasicTypeRegistry - Adding type registration LocalDate -> org.hibernate.type.LocalDateType@153f4140
2016-12-12 16:48:39.890 [JavaFX Application Thread] DEBUG org.hibernate.type.BasicTypeRegistry - Adding type registration java.time.LocalDate -> org.hibernate.type.LocalDateType@153f4140
2016-12-12 16:48:39.893 [JavaFX Application Thread] DEBUG org.hibernate.type.BasicTypeRegistry - Adding type registration LocalTime -> org.hibernate.type.LocalTimeType@31054d1a
2016-12-12 16:48:39.894 [JavaFX Application Thread] DEBUG org.hibernate.type.BasicTypeRegistry - Adding type registration java.time.LocalTime -> org.hibernate.type.LocalTimeType@31054d1a
2016-12-12 16:48:39.898 [JavaFX Application Thread] DEBUG org.hibernate.type.BasicTypeRegistry - Adding type registration OffsetDateTime -> org.hibernate.type.OffsetDateTimeType@2f905f65
2016-12-12 16:48:39.898 [JavaFX Application Thread] DEBUG org.hibernate.type.BasicTypeRegistry - Adding type registration java.time.OffsetDateTime -> org.hibernate.type.OffsetDateTimeType@2f905f65
2016-12-12 16:48:39.900 [JavaFX Application Thread] DEBUG org.hibernate.type.BasicTypeRegistry - Adding type registration OffsetTime -> org.hibernate.type.OffsetTimeType@57538dfa
2016-12-12 16:48:39.901 [JavaFX Application Thread] DEBUG org.hibernate.type.BasicTypeRegistry - Adding type registration java.time.OffsetTime -> org.hibernate.type.OffsetTimeType@57538dfa
2016-12-12 16:48:39.908 [JavaFX Application Thread] DEBUG org.hibernate.type.BasicTypeRegistry - Adding type registration ZonedDateTime -> org.hibernate.type.ZonedDateTimeType@53efde35
2016-12-12 16:48:39.909 [JavaFX Application Thread] DEBUG org.hibernate.type.BasicTypeRegistry - Adding type registration java.time.ZonedDateTime -> org.hibernate.type.ZonedDateTimeType@53efde35
2016-12-12 16:48:39.912 [JavaFX Application Thread] DEBUG org.hibernate.type.BasicTypeRegistry - Adding type registration date -> org.hibernate.type.DateType@49a39fe8
2016-12-12 16:48:39.912 [JavaFX Application Thread] DEBUG org.hibernate.type.BasicTypeRegistry - Adding type registration java.sql.Date -> org.hibernate.type.DateType@49a39fe8
2016-12-12 16:48:39.914 [JavaFX Application Thread] DEBUG org.hibernate.type.BasicTypeRegistry - Adding type registration time -> org.hibernate.type.TimeType@5d5fa86
2016-12-12 16:48:39.915 [JavaFX Application Thread] DEBUG org.hibernate.type.BasicTypeRegistry - Adding type registration java.sql.Time -> org.hibernate.type.TimeType@5d5fa86
2016-12-12 16:48:39.916 [JavaFX Application Thread] DEBUG org.hibernate.type.BasicTypeRegistry - Adding type registration timestamp -> org.hibernate.type.TimestampType@6f31b03a
2016-12-12 16:48:39.916 [JavaFX Application Thread] DEBUG org.hibernate.type.BasicTypeRegistry - Adding type registration java.sql.Timestamp -> org.hibernate.type.TimestampType@6f31b03a
2016-12-12 16:48:39.916 [JavaFX Application Thread] DEBUG org.hibernate.type.BasicTypeRegistry - Adding type registration java.util.Date -> org.hibernate.type.TimestampType@6f31b03a
2016-12-12 16:48:39.920 [JavaFX Application Thread] DEBUG org.hibernate.type.BasicTypeRegistry - Adding type registration dbtimestamp -> org.hibernate.type.DbTimestampType@303fd649
2016-12-12 16:48:39.924 [JavaFX Application Thread] DEBUG org.hibernate.type.BasicTypeRegistry - Adding type registration calendar -> org.hibernate.type.CalendarType@1b7a2dae
2016-12-12 16:48:39.924 [JavaFX Application Thread] DEBUG org.hibernate.type.BasicTypeRegistry - Adding type registration java.util.Calendar -> org.hibernate.type.CalendarType@1b7a2dae
2016-12-12 16:48:39.925 [JavaFX Application Thread] DEBUG org.hibernate.type.BasicTypeRegistry - Adding type registration java.util.GregorianCalendar -> org.hibernate.type.CalendarType@1b7a2dae
2016-12-12 16:48:39.927 [JavaFX Application Thread] DEBUG org.hibernate.type.BasicTypeRegistry - Adding type registration calendar_date -> org.hibernate.type.CalendarDateType@4a60f82c
2016-12-12 16:48:39.929 [JavaFX Application Thread] DEBUG org.hibernate.type.BasicTypeRegistry - Adding type registration locale -> org.hibernate.type.LocaleType@2f0ed52a
2016-12-12 16:48:39.930 [JavaFX Application Thread] DEBUG org.hibernate.type.BasicTypeRegistry - Adding type registration java.util.Locale -> org.hibernate.type.LocaleType@2f0ed52a
2016-12-12 16:48:39.934 [JavaFX Application Thread] DEBUG org.hibernate.type.BasicTypeRegistry - Adding type registration currency -> org.hibernate.type.CurrencyType@6e8868e8
2016-12-12 16:48:39.934 [JavaFX Application Thread] DEBUG org.hibernate.type.BasicTypeRegistry - Adding type registration java.util.Currency -> org.hibernate.type.CurrencyType@6e8868e8
2016-12-12 16:48:39.936 [JavaFX Application Thread] DEBUG org.hibernate.type.BasicTypeRegistry - Adding type registration timezone -> org.hibernate.type.TimeZoneType@5f5e20a9
2016-12-12 16:48:39.937 [JavaFX Application Thread] DEBUG org.hibernate.type.BasicTypeRegistry - Adding type registration java.util.TimeZone -> org.hibernate.type.TimeZoneType@5f5e20a9
2016-12-12 16:48:39.939 [JavaFX Application Thread] DEBUG org.hibernate.type.BasicTypeRegistry - Adding type registration class -> org.hibernate.type.ClassType@34b77bb4
2016-12-12 16:48:39.939 [JavaFX Application Thread] DEBUG org.hibernate.type.BasicTypeRegistry - Adding type registration java.lang.Class -> org.hibernate.type.ClassType@34b77bb4
2016-12-12 16:48:39.943 [JavaFX Application Thread] DEBUG org.hibernate.type.BasicTypeRegistry - Adding type registration uuid-binary -> org.hibernate.type.UUIDBinaryType@103e85c9
2016-12-12 16:48:39.944 [JavaFX Application Thread] DEBUG org.hibernate.type.BasicTypeRegistry - Adding type registration java.util.UUID -> org.hibernate.type.UUIDBinaryType@103e85c9
2016-12-12 16:48:39.945 [JavaFX Application Thread] DEBUG org.hibernate.type.BasicTypeRegistry - Adding type registration uuid-char -> org.hibernate.type.UUIDCharType@72385438
2016-12-12 16:48:39.947 [JavaFX Application Thread] DEBUG org.hibernate.type.BasicTypeRegistry - Adding type registration binary -> org.hibernate.type.BinaryType@468ad104
2016-12-12 16:48:39.948 [JavaFX Application Thread] DEBUG org.hibernate.type.BasicTypeRegistry - Adding type registration byte[] -> org.hibernate.type.BinaryType@468ad104
2016-12-12 16:48:39.948 [JavaFX Application Thread] DEBUG org.hibernate.type.BasicTypeRegistry - Adding type registration [B -> org.hibernate.type.BinaryType@468ad104
2016-12-12 16:48:39.951 [JavaFX Application Thread] DEBUG org.hibernate.type.BasicTypeRegistry - Adding type registration wrapper-binary -> org.hibernate.type.WrapperBinaryType@1776df23
2016-12-12 16:48:39.952 [JavaFX Application Thread] DEBUG org.hibernate.type.BasicTypeRegistry - Adding type registration Byte[] -> org.hibernate.type.WrapperBinaryType@1776df23
2016-12-12 16:48:39.952 [JavaFX Application Thread] DEBUG org.hibernate.type.BasicTypeRegistry - Adding type registration [Ljava.lang.Byte; -> org.hibernate.type.WrapperBinaryType@1776df23
2016-12-12 16:48:39.954 [JavaFX Application Thread] DEBUG org.hibernate.type.BasicTypeRegistry - Adding type registration row_version -> org.hibernate.type.RowVersionType@39defde7
2016-12-12 16:48:39.956 [JavaFX Application Thread] DEBUG org.hibernate.type.BasicTypeRegistry - Adding type registration image -> org.hibernate.type.ImageType@5945120e
2016-12-12 16:48:39.959 [JavaFX Application Thread] DEBUG org.hibernate.type.BasicTypeRegistry - Adding type registration characters -> org.hibernate.type.CharArrayType@f1adba8
2016-12-12 16:48:39.960 [JavaFX Application Thread] DEBUG org.hibernate.type.BasicTypeRegistry - Adding type registration char[] -> org.hibernate.type.CharArrayType@f1adba8
2016-12-12 16:48:39.960 [JavaFX Application Thread] DEBUG org.hibernate.type.BasicTypeRegistry - Adding type registration [C -> org.hibernate.type.CharArrayType@f1adba8
2016-12-12 16:48:39.962 [JavaFX Application Thread] DEBUG org.hibernate.type.BasicTypeRegistry - Adding type registration wrapper-characters -> org.hibernate.type.CharacterArrayType@7fe4d20
2016-12-12 16:48:39.962 [JavaFX Application Thread] DEBUG org.hibernate.type.BasicTypeRegistry - Adding type registration [Ljava.lang.Character; -> org.hibernate.type.CharacterArrayType@7fe4d20
2016-12-12 16:48:39.963 [JavaFX Application Thread] DEBUG org.hibernate.type.BasicTypeRegistry - Adding type registration Character[] -> org.hibernate.type.CharacterArrayType@7fe4d20
2016-12-12 16:48:39.965 [JavaFX Application Thread] DEBUG org.hibernate.type.BasicTypeRegistry - Adding type registration text -> org.hibernate.type.TextType@6b5ac785
2016-12-12 16:48:39.967 [JavaFX Application Thread] DEBUG org.hibernate.type.BasicTypeRegistry - Adding type registration ntext -> org.hibernate.type.NTextType@264c5542
2016-12-12 16:48:39.985 [JavaFX Application Thread] DEBUG org.hibernate.type.BasicTypeRegistry - Adding type registration blob -> org.hibernate.type.BlobType@796f1f7
2016-12-12 16:48:39.986 [JavaFX Application Thread] DEBUG org.hibernate.type.BasicTypeRegistry - Adding type registration java.sql.Blob -> org.hibernate.type.BlobType@796f1f7
2016-12-12 16:48:39.987 [JavaFX Application Thread] DEBUG org.hibernate.type.BasicTypeRegistry - Adding type registration materialized_blob -> org.hibernate.type.MaterializedBlobType@655e0aa5
2016-12-12 16:48:40.009 [JavaFX Application Thread] DEBUG org.hibernate.type.BasicTypeRegistry - Adding type registration clob -> org.hibernate.type.ClobType@62c8609f
2016-12-12 16:48:40.019 [JavaFX Application Thread] DEBUG org.hibernate.type.BasicTypeRegistry - Adding type registration java.sql.Clob -> org.hibernate.type.ClobType@62c8609f
2016-12-12 16:48:40.028 [JavaFX Application Thread] DEBUG org.hibernate.type.BasicTypeRegistry - Adding type registration nclob -> org.hibernate.type.NClobType@7a345926
2016-12-12 16:48:40.028 [JavaFX Application Thread] DEBUG org.hibernate.type.BasicTypeRegistry - Adding type registration java.sql.NClob -> org.hibernate.type.NClobType@7a345926
2016-12-12 16:48:40.029 [JavaFX Application Thread] DEBUG org.hibernate.type.BasicTypeRegistry - Adding type registration materialized_clob -> org.hibernate.type.MaterializedClobType@e3fe2af
2016-12-12 16:48:40.030 [JavaFX Application Thread] DEBUG org.hibernate.type.BasicTypeRegistry - Adding type registration materialized_nclob -> org.hibernate.type.MaterializedNClobType@457d9b21
2016-12-12 16:48:40.033 [JavaFX Application Thread] DEBUG org.hibernate.type.BasicTypeRegistry - Adding type registration serializable -> org.hibernate.type.SerializableType@48c54be7
2016-12-12 16:48:40.040 [JavaFX Application Thread] DEBUG org.hibernate.type.BasicTypeRegistry - Adding type registration object -> org.hibernate.type.ObjectType@5b2794c1
2016-12-12 16:48:40.041 [JavaFX Application Thread] DEBUG org.hibernate.type.BasicTypeRegistry - Adding type registration java.lang.Object -> org.hibernate.type.ObjectType@5b2794c1
2016-12-12 16:48:40.042 [JavaFX Application Thread] DEBUG org.hibernate.type.BasicTypeRegistry - Adding type registration imm_date -> org.hibernate.type.AdaptedImmutableType@759fcd65
2016-12-12 16:48:40.043 [JavaFX Application Thread] DEBUG org.hibernate.type.BasicTypeRegistry - Adding type registration imm_time -> org.hibernate.type.AdaptedImmutableType@12f9ce8b
2016-12-12 16:48:40.043 [JavaFX Application Thread] DEBUG org.hibernate.type.BasicTypeRegistry - Adding type registration imm_timestamp -> org.hibernate.type.AdaptedImmutableType@19d118d0
2016-12-12 16:48:40.043 [JavaFX Application Thread] DEBUG org.hibernate.type.BasicTypeRegistry - Adding type registration imm_dbtimestamp -> org.hibernate.type.AdaptedImmutableType@4aa2a37c
2016-12-12 16:48:40.043 [JavaFX Application Thread] DEBUG org.hibernate.type.BasicTypeRegistry - Adding type registration imm_calendar -> org.hibernate.type.AdaptedImmutableType@415dbba8
2016-12-12 16:48:40.043 [JavaFX Application Thread] DEBUG org.hibernate.type.BasicTypeRegistry - Adding type registration imm_calendar_date -> org.hibernate.type.AdaptedImmutableType@1d0ca89e
2016-12-12 16:48:40.043 [JavaFX Application Thread] DEBUG org.hibernate.type.BasicTypeRegistry - Adding type registration imm_binary -> org.hibernate.type.AdaptedImmutableType@c0a3477
2016-12-12 16:48:40.044 [JavaFX Application Thread] DEBUG org.hibernate.type.BasicTypeRegistry - Adding type registration imm_serializable -> org.hibernate.type.AdaptedImmutableType@53ecdfc9
2016-12-12 16:48:40.064 [JavaFX Application Thread] WARN  org.hibernate.orm.connections.pooling - HHH10001002: Using Hibernate built-in connection pool (not for production use!)
2016-12-12 16:48:40.078 [JavaFX Application Thread] INFO  org.hibernate.orm.connections.pooling - HHH10001005: using driver [org.postgresql.Driver] at URL [jdbc:postgresql://192.168.3.122:5432/industria]
2016-12-12 16:48:40.078 [JavaFX Application Thread] INFO  org.hibernate.orm.connections.pooling - HHH10001001: Connection properties: {user=postgres, password=123456}
2016-12-12 16:48:40.079 [JavaFX Application Thread] INFO  org.hibernate.orm.connections.pooling - HHH10001003: Autocommit mode: false
